This is pdfTeX, Version 3.1415926-2.5-1.40.14 (MiKTeX 2.9) (preloaded format=latex 2017.6.11)  31 AUG 2017 04:03
entering extended mode
**Bundle_methods_for_nonsmooth_nonconvex_problems_with_inexact_information.tex

("D:\Annika\Uni\10. Semester\Masterarbeit\Proximal Bundle Inexact Information\Git Hub\Masterarbeit\LaTeX\Bundle_methods_
for_nonsmooth_nonconvex_problems_with_inexact_information.tex"
LaTeX2e <2011/06/27>
Babel <v3.8m> and hyphenation patterns for english, afrikaans, ancientgreek, arabic, armenian, assamese, basque, bengali
, bokmal, bulgarian, catalan, coptic, croatian, czech, danish, dutch, esperanto, estonian, farsi, finnish, french, galic
ian, german, german-x-2013-05-26, greek, gujarati, hindi, hungarian, icelandic, indonesian, interlingua, irish, italian,
 kannada, kurmanji, latin, latvian, lithuanian, malayalam, marathi, mongolian, mongolianlmc, monogreek, ngerman, ngerman
-x-2013-05-26, nynorsk, oriya, panjabi, pinyin, polish, portuguese, romanian, russian, sanskrit, serbian, slovak, sloven
ian, spanish, swedish, swissgerman, tamil, telugu, turkish, turkmen, ukenglish, ukrainian, uppersorbian, usenglishmax, w
elsh, loaded.
(C:\Users\as\AppData\Roaming\MiKTeX\2.9\tex\latex\koma-script\scrartcl.cls
Document Class: scrartcl 2015/02/07 v3.16 KOMA-Script document class (article)
(C:\Users\as\AppData\Roaming\MiKTeX\2.9\tex\latex\koma-script\scrkbase.sty
Package: scrkbase 2015/02/07 v3.16 KOMA-Script package (KOMA-Script-dependent basics and keyval usage)

(C:\Users\as\AppData\Roaming\MiKTeX\2.9\tex\latex\koma-script\scrbase.sty
Package: scrbase 2015/02/07 v3.16 KOMA-Script package (KOMA-Script-independent basics and keyval usage)

("C:\Program Files\Annika Programme\MiKTeX\tex\latex\graphics\keyval.sty"
Package: keyval 1999/03/16 v1.13 key=value parser (DPC)
\KV@toks@=\toks14
)
(C:\Users\as\AppData\Roaming\MiKTeX\2.9\tex\latex\koma-script\scrlfile.sty
Package: scrlfile 2015/02/07 v3.16 KOMA-Script package (loading files)

Package scrlfile, 2015/02/07 v3.16 KOMA-Script package (loading files)
                  Copyright (C) Markus Kohm

))) (C:\Users\as\AppData\Roaming\MiKTeX\2.9\tex\latex\koma-script\tocbasic.sty
Package: tocbasic 2015/02/07 v3.16 KOMA-Script package (handling toc-files)
)
Package tocbasic Info: omitting babel extension for `toc'
(tocbasic)             because of feature `nobabel' available
(tocbasic)             for `toc' on input line 116.
Package tocbasic Info: omitting babel extension for `lof'
(tocbasic)             because of feature `nobabel' available
(tocbasic)             for `lof' on input line 117.
Package tocbasic Info: omitting babel extension for `lot'
(tocbasic)             because of feature `nobabel' available
(tocbasic)             for `lot' on input line 118.
Package scrartcl Info: You've used standard option `12pt'.
(scrartcl)             This is correct!
(scrartcl)             Internally I'm using `fontsize=12pt'.
(scrartcl)             If you'd like to set the option with \KOMAoptions,
(scrartcl)             you'd have to use `fontsize=12pt' there
(scrartcl)             instead of `12pt', too.
Class scrartcl Info: File `scrsize12pt.clo' used to setup font sizes on input line 1564.

(C:\Users\as\AppData\Roaming\MiKTeX\2.9\tex\latex\koma-script\scrsize12pt.clo
File: scrsize12pt.clo 2015/02/07 v3.16 KOMA-Script font size class option (12pt)
)
(C:\Users\as\AppData\Roaming\MiKTeX\2.9\tex\latex\koma-script\typearea.sty
Package: typearea 2015/02/07 v3.16 KOMA-Script package (type area)

Package typearea, 2015/02/07 v3.16 KOMA-Script package (type area)
                  Copyright (C) Frank Neukam, 1992-1994
                  Copyright (C) Markus Kohm, 1994-

\ta@bcor=\skip41
\ta@div=\count79
Package typearea Info: You've used standard option `a4paper'.
(typearea)             This is correct!
(typearea)             Internally I'm using `paper=a4'.
(typearea)             If you'd like to set the option with \KOMAoptions,
(typearea)             you'd have to use `paper=a4' there
(typearea)             instead of `a4paper', too.
\ta@hblk=\skip42
\ta@vblk=\skip43
\ta@temp=\skip44
\footheight=\skip45
Package typearea Info: These are the values describing the layout:
(typearea)             DIV  = 12
(typearea)             BCOR = 0.0pt
(typearea)             \paperwidth      = 597.50793pt
(typearea)              \textwidth      = 448.13095pt
(typearea)              DIV departure   = -6%
(typearea)              \evensidemargin = 2.4185pt
(typearea)              \oddsidemargin  = 2.4185pt
(typearea)             \paperheight     = 845.04694pt
(typearea)              \textheight     = 635.5pt
(typearea)              \topmargin      = -41.72441pt
(typearea)              \headheight     = 18.125pt
(typearea)              \headsep        = 21.75pt
(typearea)              \topskip        = 12.0pt
(typearea)              \footskip       = 50.75pt
(typearea)              \baselineskip   = 14.5pt
(typearea)              on input line 1342.
)
\c@part=\count80
\c@section=\count81
\c@subsection=\count82
\c@subsubsection=\count83
\c@paragraph=\count84
\c@subparagraph=\count85
\abovecaptionskip=\skip46
\belowcaptionskip=\skip47
\c@pti@nb@sid@b@x=\box26
\c@figure=\count86
\c@table=\count87
\bibindent=\dimen102
) (C:\Users\as\AppData\Roaming\MiKTeX\2.9\tex\latex\preprint\fullpage.sty
Package: fullpage 1999/02/23 1.1 (PWD)
\FP@margin=\skip48
)
("C:\Program Files\Annika Programme\MiKTeX\tex\latex\base\inputenc.sty"
Package: inputenc 2008/03/30 v1.1d Input encoding file
\inpenc@prehook=\toks15
\inpenc@posthook=\toks16

("C:\Program Files\Annika Programme\MiKTeX\tex\latex\base\latin1.def"
File: latin1.def 2008/03/30 v1.1d Input encoding file
))
("C:\Program Files\Annika Programme\MiKTeX\tex\generic\babel\babel.sty"
Package: babel 2008/07/08 v3.8m The Babel package

*************************************
* Local config file bblopts.cfg used
*
("C:\Program Files\Annika Programme\MiKTeX\tex\latex\00miktex\bblopts.cfg"
File: bblopts.cfg 2006/07/31 v1.0 MiKTeX 'babel' configuration
)
("C:\Program Files\Annika Programme\MiKTeX\tex\generic\babel\ngermanb.ldf"
Language: ngermanb 2008/07/06 v2.6n new German support from the babel system

("C:\Program Files\Annika Programme\MiKTeX\tex\generic\babel\babel.def"
File: babel.def 2008/07/08 v3.8m Babel common definitions
\babel@savecnt=\count88
\U@D=\dimen103
)
\l@naustrian = a dialect from \language\l@ngerman 
Package babel Info: Making " an active character on input line 92.
)
("C:\Program Files\Annika Programme\MiKTeX\tex\generic\babel\english.ldf"
Language: english 2005/03/30 v3.3o English support from the babel system
\l@canadian = a dialect from \language\l@american 
\l@australian = a dialect from \language\l@british 
\l@newzealand = a dialect from \language\l@british 
))
("C:\Program Files\Annika Programme\MiKTeX\tex\latex\base\fontenc.sty"
Package: fontenc 2005/09/27 v1.99g Standard LaTeX package

("C:\Program Files\Annika Programme\MiKTeX\tex\latex\base\t1enc.def"
File: t1enc.def 2005/09/27 v1.99g Standard LaTeX file
LaTeX Font Info:    Redeclaring font encoding T1 on input line 43.
))
("C:\Program Files\Annika Programme\MiKTeX\tex\latex\lm\lmodern.sty"
Package: lmodern 2009/10/30 v1.6 Latin Modern Fonts
LaTeX Font Info:    Overwriting symbol font `operators' in version `normal'
(Font)                  OT1/cmr/m/n --> OT1/lmr/m/n on input line 22.
LaTeX Font Info:    Overwriting symbol font `letters' in version `normal'
(Font)                  OML/cmm/m/it --> OML/lmm/m/it on input line 23.
LaTeX Font Info:    Overwriting symbol font `symbols' in version `normal'
(Font)                  OMS/cmsy/m/n --> OMS/lmsy/m/n on input line 24.
LaTeX Font Info:    Overwriting symbol font `largesymbols' in version `normal'
(Font)                  OMX/cmex/m/n --> OMX/lmex/m/n on input line 25.
LaTeX Font Info:    Overwriting symbol font `operators' in version `bold'
(Font)                  OT1/cmr/bx/n --> OT1/lmr/bx/n on input line 26.
LaTeX Font Info:    Overwriting symbol font `letters' in version `bold'
(Font)                  OML/cmm/b/it --> OML/lmm/b/it on input line 27.
LaTeX Font Info:    Overwriting symbol font `symbols' in version `bold'
(Font)                  OMS/cmsy/b/n --> OMS/lmsy/b/n on input line 28.
LaTeX Font Info:    Overwriting symbol font `largesymbols' in version `bold'
(Font)                  OMX/cmex/m/n --> OMX/lmex/m/n on input line 29.
LaTeX Font Info:    Overwriting math alphabet `\mathbf' in version `normal'
(Font)                  OT1/cmr/bx/n --> OT1/lmr/bx/n on input line 31.
LaTeX Font Info:    Overwriting math alphabet `\mathsf' in version `normal'
(Font)                  OT1/cmss/m/n --> OT1/lmss/m/n on input line 32.
LaTeX Font Info:    Overwriting math alphabet `\mathit' in version `normal'
(Font)                  OT1/cmr/m/it --> OT1/lmr/m/it on input line 33.
LaTeX Font Info:    Overwriting math alphabet `\mathtt' in version `normal'
(Font)                  OT1/cmtt/m/n --> OT1/lmtt/m/n on input line 34.
LaTeX Font Info:    Overwriting math alphabet `\mathbf' in version `bold'
(Font)                  OT1/cmr/bx/n --> OT1/lmr/bx/n on input line 35.
LaTeX Font Info:    Overwriting math alphabet `\mathsf' in version `bold'
(Font)                  OT1/cmss/bx/n --> OT1/lmss/bx/n on input line 36.
LaTeX Font Info:    Overwriting math alphabet `\mathit' in version `bold'
(Font)                  OT1/cmr/bx/it --> OT1/lmr/bx/it on input line 37.
LaTeX Font Info:    Overwriting math alphabet `\mathtt' in version `bold'
(Font)                  OT1/cmtt/m/n --> OT1/lmtt/m/n on input line 38.
)
("C:\Program Files\Annika Programme\MiKTeX\tex\latex\amsmath\amsmath.sty"
Package: amsmath 2013/01/14 v2.14 AMS math features
\@mathmargin=\skip49

For additional information on amsmath, use the `?' option.
("C:\Program Files\Annika Programme\MiKTeX\tex\latex\amsmath\amstext.sty"
Package: amstext 2000/06/29 v2.01

("C:\Program Files\Annika Programme\MiKTeX\tex\latex\amsmath\amsgen.sty"
File: amsgen.sty 1999/11/30 v2.0
\@emptytoks=\toks17
\ex@=\dimen104
))
("C:\Program Files\Annika Programme\MiKTeX\tex\latex\amsmath\amsbsy.sty"
Package: amsbsy 1999/11/29 v1.2d
\pmbraise@=\dimen105
)
("C:\Program Files\Annika Programme\MiKTeX\tex\latex\amsmath\amsopn.sty"
Package: amsopn 1999/12/14 v2.01 operator names
)
\inf@bad=\count89
LaTeX Info: Redefining \frac on input line 210.
\uproot@=\count90
\leftroot@=\count91
LaTeX Info: Redefining \overline on input line 306.
\classnum@=\count92
\DOTSCASE@=\count93
LaTeX Info: Redefining \ldots on input line 378.
LaTeX Info: Redefining \dots on input line 381.
LaTeX Info: Redefining \cdots on input line 466.
\Mathstrutbox@=\box27
\strutbox@=\box28
\big@size=\dimen106
LaTeX Font Info:    Redeclaring font encoding OML on input line 566.
LaTeX Font Info:    Redeclaring font encoding OMS on input line 567.
\macc@depth=\count94
\c@MaxMatrixCols=\count95
\dotsspace@=\muskip10
\c@parentequation=\count96
\dspbrk@lvl=\count97
\tag@help=\toks18
\row@=\count98
\column@=\count99
\maxfields@=\count100
\andhelp@=\toks19
\eqnshift@=\dimen107
\alignsep@=\dimen108
\tagshift@=\dimen109
\tagwidth@=\dimen110
\totwidth@=\dimen111
\lineht@=\dimen112
\@envbody=\toks20
\multlinegap=\skip50
\multlinetaggap=\skip51
\mathdisplay@stack=\toks21
LaTeX Info: Redefining \[ on input line 2665.
LaTeX Info: Redefining \] on input line 2666.
)
("C:\Program Files\Annika Programme\MiKTeX\tex\latex\amsfonts\amssymb.sty"
Package: amssymb 2013/01/14 v3.01 AMS font symbols

("C:\Program Files\Annika Programme\MiKTeX\tex\latex\amsfonts\amsfonts.sty"
Package: amsfonts 2013/01/14 v3.01 Basic AMSFonts support
\symAMSa=\mathgroup4
\symAMSb=\mathgroup5
LaTeX Font Info:    Overwriting math alphabet `\mathfrak' in version `bold'
(Font)                  U/euf/m/n --> U/euf/b/n on input line 106.
))
("C:\Program Files\Annika Programme\MiKTeX\tex\latex\amscls\amsthm.sty"
Package: amsthm 2004/08/06 v2.20
\thm@style=\toks22
\thm@bodyfont=\toks23
\thm@headfont=\toks24
\thm@notefont=\toks25
\thm@headpunct=\toks26
\thm@preskip=\skip52
\thm@postskip=\skip53
\thm@headsep=\skip54
\dth@everypar=\toks27
)
(C:\Users\as\AppData\Roaming\MiKTeX\2.9\tex\latex\eqnarray\eqnarray.sty
equationarray 1.3 <December 1, 2010>
Package: eqnarray 
("C:\Program Files\Annika Programme\MiKTeX\tex\latex\tools\array.sty"
Package: array 2008/09/09 v2.4c Tabular extension package (FMi)
\col@sep=\dimen113
\extrarowheight=\dimen114
\NC@list=\toks28
\extratabsurround=\skip55
\backup@length=\skip56
)
\@eqargcnt=\count101
)
(C:\Users\as\AppData\Roaming\MiKTeX\2.9\tex\latex\xcolor\xcolor.sty
Package: xcolor 2007/01/21 v2.11 LaTeX color extensions (UK)

("C:\Program Files\Annika Programme\MiKTeX\tex\latex\00miktex\color.cfg"
File: color.cfg 2007/01/18 v1.5 color configuration of teTeX/TeXLive
)
Package xcolor Info: Driver file: dvips.def on input line 225.

("C:\Program Files\Annika Programme\MiKTeX\tex\latex\graphics\dvips.def"
File: dvips.def 1999/02/16 v3.0i Driver-dependant file (DPC,SPQR)
)
Package xcolor Info: Model `cmy' substituted by `cmy0' on input line 1337.
Package xcolor Info: Model `RGB' extended on input line 1353.
Package xcolor Info: Model `HTML' substituted by `rgb' on input line 1355.
Package xcolor Info: Model `Hsb' substituted by `hsb' on input line 1356.
Package xcolor Info: Model `tHsb' substituted by `hsb' on input line 1357.
Package xcolor Info: Model `HSB' substituted by `hsb' on input line 1358.
Package xcolor Info: Model `Gray' substituted by `gray' on input line 1359.
Package xcolor Info: Model `wave' substituted by `hsb' on input line 1360.

(C:\Users\as\AppData\Roaming\MiKTeX\2.9\tex\latex\xcolor\x11nam.def
File: x11nam.def 2007/01/21 v2.11 Predefined colors according to Unix/X11 (UK)
))
("C:\Program Files\Annika Programme\MiKTeX\tex\latex\graphics\graphicx.sty"
Package: graphicx 1999/02/16 v1.0f Enhanced LaTeX Graphics (DPC,SPQR)

("C:\Program Files\Annika Programme\MiKTeX\tex\latex\graphics\graphics.sty"
Package: graphics 2009/02/05 v1.0o Standard LaTeX Graphics (DPC,SPQR)

("C:\Program Files\Annika Programme\MiKTeX\tex\latex\graphics\trig.sty"
Package: trig 1999/03/16 v1.09 sin cos tan (DPC)
)
("C:\Program Files\Annika Programme\MiKTeX\tex\latex\00miktex\graphics.cfg"
File: graphics.cfg 2007/01/18 v1.5 graphics configuration of teTeX/TeXLive
)
Package graphics Info: Driver file: dvips.def on input line 91.
)
\Gin@req@height=\dimen115
\Gin@req@width=\dimen116
)
(C:\Users\as\AppData\Roaming\MiKTeX\2.9\tex\latex\caption\caption.sty
Package: caption 2016/02/21 v3.3-144 Customizing captions (AR)

(C:\Users\as\AppData\Roaming\MiKTeX\2.9\tex\latex\caption\caption3.sty
Package: caption3 2016/05/22 v1.7-166 caption3 kernel (AR)
Package caption3 Info: TeX engine: e-TeX on input line 67.
\captionmargin=\dimen117
\captionmargin@=\dimen118
\captionwidth=\dimen119
\caption@tempdima=\dimen120
\caption@indent=\dimen121
\caption@parindent=\dimen122
\caption@hangindent=\dimen123
)
Package caption Info: KOMA-Script document class.
\c@ContinuedFloat=\count102
)
(C:\Users\as\AppData\Roaming\MiKTeX\2.9\tex\latex\caption\subcaption.sty
Package: subcaption 2016/05/22 v1.1-161 Sub-captions (AR)
\c@subfigure=\count103
\c@subtable=\count104
)
("C:\Program Files\Annika Programme\MiKTeX\tex\latex\tools\enumerate.sty"
Package: enumerate 1999/03/05 v3.00 enumerate extensions (DPC)
\@enLab=\toks29
)
(C:\Users\as\AppData\Roaming\MiKTeX\2.9\tex\latex\enumitem\enumitem.sty
Package: enumitem 2011/09/28 v3.5.2 Customized lists
\labelindent=\skip57
\enit@outerparindent=\dimen124
\enit@toks=\toks30
\enit@inbox=\box29
\enitdp@description=\count105
)
("C:\Program Files\Annika Programme\MiKTeX\tex\latex\tools\tabularx.sty"
Package: tabularx 1999/01/07 v2.07 `tabularx' package (DPC)
\TX@col@width=\dimen125
\TX@old@table=\dimen126
\TX@old@col=\dimen127
\TX@target=\dimen128
\TX@delta=\dimen129
\TX@cols=\count106
\TX@ftn=\toks31
)
("C:\Program Files\Annika Programme\MiKTeX\tex\latex\tools\longtable.sty"
Package: longtable 2004/02/01 v4.11 Multi-page Table package (DPC)
\LTleft=\skip58
\LTright=\skip59
\LTpre=\skip60
\LTpost=\skip61
\LTchunksize=\count107
\LTcapwidth=\dimen130
\LT@head=\box30
\LT@firsthead=\box31
\LT@foot=\box32
\LT@lastfoot=\box33
\LT@cols=\count108
\LT@rows=\count109
\c@LT@tables=\count110
\c@LT@chunks=\count111
\LT@p@ftn=\toks32
)
Class scrartcl Info: longtable captions redefined on input line 19.

("C:\Program Files\Annika Programme\MiKTeX\tex\latex\ltxmisc\here.sty")
(C:\Users\as\AppData\Roaming\MiKTeX\2.9\tex\latex\germbib\bibgerm.sty
Package: bibgerm 2000/08/18 v0.1 Support for mixed language bibliographies

** Macros for german `BibTeX'ing added to Style Option `german' 20 Apr 1993 **
** idea and languages `german' and `USenglish' implemented by M. Wallmeier **
** Modified for LaTeX 2e and german.sty 2.5b by A. Scherer 1 Nov 1995 **
** Modified for ngerman.sty and babel.sty by H. Harders 21 August 2000 **)
(C:\Users\as\AppData\Roaming\MiKTeX\2.9\tex\latex\algorithm2e\algorithm2e.sty
Package: algorithm2e 2013/01/06 v5.00 algorithms environments
\c@AlgoLine=\count112

("C:\Program Files\Annika Programme\MiKTeX\tex\latex\base\ifthen.sty"
Package: ifthen 2001/05/26 v1.1c Standard LaTeX ifthen package (DPC)
)
\algocf@hangindent=\skip62

("C:\Program Files\Annika Programme\MiKTeX\tex\latex\tools\xspace.sty"
Package: xspace 2009/10/20 v1.13 Space after command names (DPC,MH)
)
("C:\Program Files\Annika Programme\MiKTeX\tex\latex\ltxmisc\relsize.sty"
Package: relsize 2003/07/04 ver 3.1
)
********************************************************
Package `algorithm2e' Release 5.1 -- october 19 2015 --
- algorithm2e-announce@lirmm.fr mailing list for announcement about releases
- algorithm2e-discussion@lirmm.fr mailing list for discussion about package
subscribe by emailing sympa@lirmm.fr with 'subscribe <list> <firstname name>'
- Author: Christophe Fiorio (christophe.fiorio@umontpellier.fr)
********************************************************
\skiptotal=\skip63
\skiplinenumber=\skip64
\skiprule=\skip65
\skiphlne=\skip66
\skiptext=\skip67
\skiplength=\skip68
\algomargin=\skip69
\skipalgocfslide=\skip70
\algowidth=\dimen131
\inoutsize=\dimen132
\inoutindent=\dimen133
\interspacetitleruled=\dimen134
\interspacealgoruled=\dimen135
\interspacetitleboxruled=\dimen136
\algocf@ruledwidth=\skip71
\algocf@inoutbox=\box34
\algocf@inputbox=\box35
\AlCapSkip=\skip72
\AlCapHSkip=\skip73
\algoskipindent=\skip74
\algocf@nlbox=\box36
\algocf@hangingbox=\box37
\algocf@untilbox=\box38
\algocf@skipuntil=\skip75
\algocf@capbox=\box39
\algoheightruledefault=\skip76
\algoheightrule=\skip77
\algotitleheightruledefault=\skip78
\algotitleheightrule=\skip79
\c@algocfline=\count113
\c@algocfproc=\count114
\c@algocf=\count115
\algocf@algoframe=\box40
\algocf@algobox=\box41
) (C:\Users\as\AppData\Roaming\MiKTeX\2.9\tex\latex\algorithmicx\algpseudocode.sty
Package: algpseudocode 

(C:\Users\as\AppData\Roaming\MiKTeX\2.9\tex\latex\algorithmicx\algorithmicx.sty
Package: algorithmicx 2005/04/27 v1.2 Algorithmicx

Document Style algorithmicx 1.2 - a greatly improved `algorithmic' style
\c@ALG@line=\count116
\c@ALG@rem=\count117
\c@ALG@nested=\count118
\ALG@tlm=\skip80
\ALG@thistlm=\skip81
\c@ALG@Lnr=\count119
\c@ALG@blocknr=\count120
\c@ALG@storecount=\count121
\c@ALG@tmpcounter=\count122
\ALG@tmplength=\skip82
)
Document Style - pseudocode environments for use with the `algorithmicx' style
) ("C:\Program Files\Annika Programme\MiKTeX\tex\latex\tools\bm.sty"
Package: bm 2004/02/26 v1.1c Bold Symbol Support (DPC/FMi)
\symboldoperators=\mathgroup6
\symboldletters=\mathgroup7
\symboldsymbols=\mathgroup8
LaTeX Font Info:    Redeclaring math alphabet \mathbf on input line 138.
LaTeX Info: Redefining \bm on input line 204.
)
(C:\Users\as\AppData\Roaming\MiKTeX\2.9\tex\latex\pgf\frontendlayer\tikz.sty
(C:\Users\as\AppData\Roaming\MiKTeX\2.9\tex\latex\pgf\basiclayer\pgf.sty
(C:\Users\as\AppData\Roaming\MiKTeX\2.9\tex\latex\pgf\utilities\pgfrcs.sty
(C:\Users\as\AppData\Roaming\MiKTeX\2.9\tex\generic\pgf\utilities\pgfutil-common.tex
\pgfutil@everybye=\toks33
\pgfutil@tempdima=\dimen137
\pgfutil@tempdimb=\dimen138

(C:\Users\as\AppData\Roaming\MiKTeX\2.9\tex\generic\pgf\utilities\pgfutil-common-lists.tex))
(C:\Users\as\AppData\Roaming\MiKTeX\2.9\tex\generic\pgf\utilities\pgfutil-latex.def
\pgfutil@abb=\box42

(C:\Users\as\AppData\Roaming\MiKTeX\2.9\tex\latex\ms\everyshi.sty
Package: everyshi 2001/05/15 v3.00 EveryShipout Package (MS)
))
(C:\Users\as\AppData\Roaming\MiKTeX\2.9\tex\generic\pgf\utilities\pgfrcs.code.tex
Package: pgfrcs 2013/12/20 v3.0.0 (rcs-revision 1.28)
))
Package: pgf 2013/12/18 v3.0.0 (rcs-revision 1.14)

(C:\Users\as\AppData\Roaming\MiKTeX\2.9\tex\latex\pgf\basiclayer\pgfcore.sty
(C:\Users\as\AppData\Roaming\MiKTeX\2.9\tex\latex\pgf\systemlayer\pgfsys.sty
(C:\Users\as\AppData\Roaming\MiKTeX\2.9\tex\generic\pgf\systemlayer\pgfsys.code.tex
Package: pgfsys 2013/11/30 v3.0.0 (rcs-revision 1.47)

(C:\Users\as\AppData\Roaming\MiKTeX\2.9\tex\generic\pgf\utilities\pgfkeys.code.tex
\pgfkeys@pathtoks=\toks34
\pgfkeys@temptoks=\toks35

(C:\Users\as\AppData\Roaming\MiKTeX\2.9\tex\generic\pgf\utilities\pgfkeysfiltered.code.tex
\pgfkeys@tmptoks=\toks36
))
\pgf@x=\dimen139
\pgf@y=\dimen140
\pgf@xa=\dimen141
\pgf@ya=\dimen142
\pgf@xb=\dimen143
\pgf@yb=\dimen144
\pgf@xc=\dimen145
\pgf@yc=\dimen146
\w@pgf@writea=\write3
\r@pgf@reada=\read1
\c@pgf@counta=\count123
\c@pgf@countb=\count124
\c@pgf@countc=\count125
\c@pgf@countd=\count126
\t@pgf@toka=\toks37
\t@pgf@tokb=\toks38
\t@pgf@tokc=\toks39

(C:\Users\as\AppData\Roaming\MiKTeX\2.9\tex\generic\pgf\systemlayer\pgf.cfg
File: pgf.cfg 2008/05/14  (rcs-revision 1.7)
)
Driver file for pgf: pgfsys-dvips.def

(C:\Users\as\AppData\Roaming\MiKTeX\2.9\tex\generic\pgf\systemlayer\pgfsys-dvips.def
File: pgfsys-dvips.def 2013/07/16  (rcs-revision 1.23)

(C:\Users\as\AppData\Roaming\MiKTeX\2.9\tex\generic\pgf\systemlayer\pgfsys-common-postscript.def
File: pgfsys-common-postscript.def 2008/10/01  (rcs-revision 1.22)
\pgf@objectcount=\count127
)))
(C:\Users\as\AppData\Roaming\MiKTeX\2.9\tex\generic\pgf\systemlayer\pgfsyssoftpath.code.tex
File: pgfsyssoftpath.code.tex 2013/09/09  (rcs-revision 1.9)
\pgfsyssoftpath@smallbuffer@items=\count128
\pgfsyssoftpath@bigbuffer@items=\count129
)
(C:\Users\as\AppData\Roaming\MiKTeX\2.9\tex\generic\pgf\systemlayer\pgfsysprotocol.code.tex
File: pgfsysprotocol.code.tex 2006/10/16  (rcs-revision 1.4)
))
(C:\Users\as\AppData\Roaming\MiKTeX\2.9\tex\generic\pgf\basiclayer\pgfcore.code.tex
Package: pgfcore 2010/04/11 v3.0.0 (rcs-revision 1.7)

(C:\Users\as\AppData\Roaming\MiKTeX\2.9\tex\generic\pgf\math\pgfmath.code.tex
(C:\Users\as\AppData\Roaming\MiKTeX\2.9\tex\generic\pgf\math\pgfmathcalc.code.tex
(C:\Users\as\AppData\Roaming\MiKTeX\2.9\tex\generic\pgf\math\pgfmathutil.code.tex)
(C:\Users\as\AppData\Roaming\MiKTeX\2.9\tex\generic\pgf\math\pgfmathparser.code.tex
\pgfmath@dimen=\dimen147
\pgfmath@count=\count130
\pgfmath@box=\box43
\pgfmath@toks=\toks40
\pgfmath@stack@operand=\toks41
\pgfmath@stack@operation=\toks42
)
(C:\Users\as\AppData\Roaming\MiKTeX\2.9\tex\generic\pgf\math\pgfmathfunctions.code.tex
(C:\Users\as\AppData\Roaming\MiKTeX\2.9\tex\generic\pgf\math\pgfmathfunctions.basic.code.tex)
(C:\Users\as\AppData\Roaming\MiKTeX\2.9\tex\generic\pgf\math\pgfmathfunctions.trigonometric.code.tex)
(C:\Users\as\AppData\Roaming\MiKTeX\2.9\tex\generic\pgf\math\pgfmathfunctions.random.code.tex)
(C:\Users\as\AppData\Roaming\MiKTeX\2.9\tex\generic\pgf\math\pgfmathfunctions.comparison.code.tex)
(C:\Users\as\AppData\Roaming\MiKTeX\2.9\tex\generic\pgf\math\pgfmathfunctions.base.code.tex)
(C:\Users\as\AppData\Roaming\MiKTeX\2.9\tex\generic\pgf\math\pgfmathfunctions.round.code.tex)
(C:\Users\as\AppData\Roaming\MiKTeX\2.9\tex\generic\pgf\math\pgfmathfunctions.misc.code.tex)
(C:\Users\as\AppData\Roaming\MiKTeX\2.9\tex\generic\pgf\math\pgfmathfunctions.integerarithmetics.code.tex)))
(C:\Users\as\AppData\Roaming\MiKTeX\2.9\tex\generic\pgf\math\pgfmathfloat.code.tex
\c@pgfmathroundto@lastzeros=\count131
))
(C:\Users\as\AppData\Roaming\MiKTeX\2.9\tex\generic\pgf\basiclayer\pgfcorepoints.code.tex
File: pgfcorepoints.code.tex 2013/10/07  (rcs-revision 1.27)
\pgf@picminx=\dimen148
\pgf@picmaxx=\dimen149
\pgf@picminy=\dimen150
\pgf@picmaxy=\dimen151
\pgf@pathminx=\dimen152
\pgf@pathmaxx=\dimen153
\pgf@pathminy=\dimen154
\pgf@pathmaxy=\dimen155
\pgf@xx=\dimen156
\pgf@xy=\dimen157
\pgf@yx=\dimen158
\pgf@yy=\dimen159
\pgf@zx=\dimen160
\pgf@zy=\dimen161
)
(C:\Users\as\AppData\Roaming\MiKTeX\2.9\tex\generic\pgf\basiclayer\pgfcorepathconstruct.code.tex
File: pgfcorepathconstruct.code.tex 2013/10/07  (rcs-revision 1.29)
\pgf@path@lastx=\dimen162
\pgf@path@lasty=\dimen163
)
(C:\Users\as\AppData\Roaming\MiKTeX\2.9\tex\generic\pgf\basiclayer\pgfcorepathusage.code.tex
File: pgfcorepathusage.code.tex 2013/12/13  (rcs-revision 1.23)
\pgf@shorten@end@additional=\dimen164
\pgf@shorten@start@additional=\dimen165
)
(C:\Users\as\AppData\Roaming\MiKTeX\2.9\tex\generic\pgf\basiclayer\pgfcorescopes.code.tex
File: pgfcorescopes.code.tex 2013/10/09  (rcs-revision 1.44)
\pgfpic=\box44
\pgf@hbox=\box45
\pgf@layerbox@main=\box46
\pgf@picture@serial@count=\count132
)
(C:\Users\as\AppData\Roaming\MiKTeX\2.9\tex\generic\pgf\basiclayer\pgfcoregraphicstate.code.tex
File: pgfcoregraphicstate.code.tex 2013/09/19  (rcs-revision 1.11)
\pgflinewidth=\dimen166
)
(C:\Users\as\AppData\Roaming\MiKTeX\2.9\tex\generic\pgf\basiclayer\pgfcoretransformations.code.tex
File: pgfcoretransformations.code.tex 2013/10/10  (rcs-revision 1.17)
\pgf@pt@x=\dimen167
\pgf@pt@y=\dimen168
\pgf@pt@temp=\dimen169
)
(C:\Users\as\AppData\Roaming\MiKTeX\2.9\tex\generic\pgf\basiclayer\pgfcorequick.code.tex
File: pgfcorequick.code.tex 2008/10/09  (rcs-revision 1.3)
)
(C:\Users\as\AppData\Roaming\MiKTeX\2.9\tex\generic\pgf\basiclayer\pgfcoreobjects.code.tex
File: pgfcoreobjects.code.tex 2006/10/11  (rcs-revision 1.2)
)
(C:\Users\as\AppData\Roaming\MiKTeX\2.9\tex\generic\pgf\basiclayer\pgfcorepathprocessing.code.tex
File: pgfcorepathprocessing.code.tex 2013/09/09  (rcs-revision 1.9)
)
(C:\Users\as\AppData\Roaming\MiKTeX\2.9\tex\generic\pgf\basiclayer\pgfcorearrows.code.tex
File: pgfcorearrows.code.tex 2013/11/07  (rcs-revision 1.40)
\pgfarrowsep=\dimen170
)
(C:\Users\as\AppData\Roaming\MiKTeX\2.9\tex\generic\pgf\basiclayer\pgfcoreshade.code.tex
File: pgfcoreshade.code.tex 2013/07/15  (rcs-revision 1.15)
\pgf@max=\dimen171
\pgf@sys@shading@range@num=\count133
)
(C:\Users\as\AppData\Roaming\MiKTeX\2.9\tex\generic\pgf\basiclayer\pgfcoreimage.code.tex
File: pgfcoreimage.code.tex 2013/07/15  (rcs-revision 1.18)

(C:\Users\as\AppData\Roaming\MiKTeX\2.9\tex\generic\pgf\basiclayer\pgfcoreexternal.code.tex
File: pgfcoreexternal.code.tex 2013/07/15  (rcs-revision 1.20)
\pgfexternal@startupbox=\box47
))
(C:\Users\as\AppData\Roaming\MiKTeX\2.9\tex\generic\pgf\basiclayer\pgfcorelayers.code.tex
File: pgfcorelayers.code.tex 2013/07/18  (rcs-revision 1.7)
)
(C:\Users\as\AppData\Roaming\MiKTeX\2.9\tex\generic\pgf\basiclayer\pgfcoretransparency.code.tex
File: pgfcoretransparency.code.tex 2013/09/30  (rcs-revision 1.5)
)
(C:\Users\as\AppData\Roaming\MiKTeX\2.9\tex\generic\pgf\basiclayer\pgfcorepatterns.code.tex
File: pgfcorepatterns.code.tex 2013/11/07  (rcs-revision 1.5)
)))
(C:\Users\as\AppData\Roaming\MiKTeX\2.9\tex\generic\pgf\modules\pgfmoduleshapes.code.tex
File: pgfmoduleshapes.code.tex 2013/10/31  (rcs-revision 1.34)
\pgfnodeparttextbox=\box48
)
(C:\Users\as\AppData\Roaming\MiKTeX\2.9\tex\generic\pgf\modules\pgfmoduleplot.code.tex
File: pgfmoduleplot.code.tex 2013/07/31  (rcs-revision 1.12)
)
(C:\Users\as\AppData\Roaming\MiKTeX\2.9\tex\latex\pgf\compatibility\pgfcomp-version-0-65.sty
Package: pgfcomp-version-0-65 2007/07/03 v3.0.0 (rcs-revision 1.7)
\pgf@nodesepstart=\dimen172
\pgf@nodesepend=\dimen173
)
(C:\Users\as\AppData\Roaming\MiKTeX\2.9\tex\latex\pgf\compatibility\pgfcomp-version-1-18.sty
Package: pgfcomp-version-1-18 2007/07/23 v3.0.0 (rcs-revision 1.1)
))
(C:\Users\as\AppData\Roaming\MiKTeX\2.9\tex\latex\pgf\utilities\pgffor.sty
(C:\Users\as\AppData\Roaming\MiKTeX\2.9\tex\latex\pgf\utilities\pgfkeys.sty
(C:\Users\as\AppData\Roaming\MiKTeX\2.9\tex\generic\pgf\utilities\pgfkeys.code.tex))
(C:\Users\as\AppData\Roaming\MiKTeX\2.9\tex\latex\pgf\math\pgfmath.sty
(C:\Users\as\AppData\Roaming\MiKTeX\2.9\tex\generic\pgf\math\pgfmath.code.tex))
(C:\Users\as\AppData\Roaming\MiKTeX\2.9\tex\generic\pgf\utilities\pgffor.code.tex
Package: pgffor 2013/12/13 v3.0.0 (rcs-revision 1.25)

(C:\Users\as\AppData\Roaming\MiKTeX\2.9\tex\generic\pgf\math\pgfmath.code.tex)
\pgffor@iter=\dimen174
\pgffor@skip=\dimen175
\pgffor@stack=\toks43
\pgffor@toks=\toks44
))
(C:\Users\as\AppData\Roaming\MiKTeX\2.9\tex\generic\pgf\frontendlayer\tikz\tikz.code.tex
Package: tikz 2013/12/13 v3.0.0 (rcs-revision 1.142)

(C:\Users\as\AppData\Roaming\MiKTeX\2.9\tex\generic\pgf\libraries\pgflibraryplothandlers.code.tex
File: pgflibraryplothandlers.code.tex 2013/08/31 v3.0.0 (rcs-revision 1.20)
\pgf@plot@mark@count=\count134
\pgfplotmarksize=\dimen176
)
\tikz@lastx=\dimen177
\tikz@lasty=\dimen178
\tikz@lastxsaved=\dimen179
\tikz@lastysaved=\dimen180
\tikzleveldistance=\dimen181
\tikzsiblingdistance=\dimen182
\tikz@figbox=\box49
\tikz@figbox@bg=\box50
\tikz@tempbox=\box51
\tikz@tempbox@bg=\box52
\tikztreelevel=\count135
\tikznumberofchildren=\count136
\tikznumberofcurrentchild=\count137
\tikz@fig@count=\count138

(C:\Users\as\AppData\Roaming\MiKTeX\2.9\tex\generic\pgf\modules\pgfmodulematrix.code.tex
File: pgfmodulematrix.code.tex 2013/09/17  (rcs-revision 1.8)
\pgfmatrixcurrentrow=\count139
\pgfmatrixcurrentcolumn=\count140
\pgf@matrix@numberofcolumns=\count141
)
\tikz@expandcount=\count142

(C:\Users\as\AppData\Roaming\MiKTeX\2.9\tex\generic\pgf\frontendlayer\tikz\libraries\tikzlibrarytopaths.code.tex
File: tikzlibrarytopaths.code.tex 2008/06/17 v3.0.0 (rcs-revision 1.2)
)))
(C:\Users\as\AppData\Roaming\MiKTeX\2.9\tex\generic\pgf\frontendlayer\tikz\libraries\tikzlibraryarrows.code.tex
File: tikzlibraryarrows.code.tex 2008/01/09 v3.0.0 (rcs-revision 1.1)

(C:\Users\as\AppData\Roaming\MiKTeX\2.9\tex\generic\pgf\libraries\pgflibraryarrows.code.tex
File: pgflibraryarrows.code.tex 2013/09/23 v3.0.0 (rcs-revision 1.16)
\arrowsize=\dimen183
))
(C:\Users\as\AppData\Roaming\MiKTeX\2.9\tex\generic\pgf\frontendlayer\tikz\libraries\tikzlibraryshapes.code.tex
File: tikzlibraryshapes.code.tex 2008/01/09 v3.0.0 (rcs-revision 1.1)

(C:\Users\as\AppData\Roaming\MiKTeX\2.9\tex\generic\pgf\frontendlayer\tikz\libraries\tikzlibraryshapes.geometric.code.te
x
File: tikzlibraryshapes.geometric.code.tex 2008/01/09 v3.0.0 (rcs-revision 1.1)
 (C:\Users\as\AppData\Roaming\MiKTeX\2.9\tex\generic\pgf\libraries\shapes\pgflibraryshapes.geometric.code.tex
File: pgflibraryshapes.geometric.code.tex 2008/06/26 v3.0.0 (rcs-revision 1.1)
))
(C:\Users\as\AppData\Roaming\MiKTeX\2.9\tex\generic\pgf\frontendlayer\tikz\libraries\tikzlibraryshapes.misc.code.tex
File: tikzlibraryshapes.misc.code.tex 2008/01/09 v3.0.0 (rcs-revision 1.1)

(C:\Users\as\AppData\Roaming\MiKTeX\2.9\tex\generic\pgf\libraries\shapes\pgflibraryshapes.misc.code.tex
File: pgflibraryshapes.misc.code.tex 2013/07/18 v3.0.0 (rcs-revision 1.5)
))
(C:\Users\as\AppData\Roaming\MiKTeX\2.9\tex\generic\pgf\frontendlayer\tikz\libraries\tikzlibraryshapes.symbols.code.tex
File: tikzlibraryshapes.symbols.code.tex 2008/01/09 v3.0.0 (rcs-revision 1.1)

(C:\Users\as\AppData\Roaming\MiKTeX\2.9\tex\generic\pgf\libraries\shapes\pgflibraryshapes.symbols.code.tex
File: pgflibraryshapes.symbols.code.tex 2013/09/11 v3.0.0 (rcs-revision 1.6)
))
(C:\Users\as\AppData\Roaming\MiKTeX\2.9\tex\generic\pgf\frontendlayer\tikz\libraries\tikzlibraryshapes.arrows.code.tex
File: tikzlibraryshapes.arrows.code.tex 2008/01/09 v3.0.0 (rcs-revision 1.1)

(C:\Users\as\AppData\Roaming\MiKTeX\2.9\tex\generic\pgf\libraries\shapes\pgflibraryshapes.arrows.code.tex
File: pgflibraryshapes.arrows.code.tex 2008/06/26 v3.0.0 (rcs-revision 1.1)
))
(C:\Users\as\AppData\Roaming\MiKTeX\2.9\tex\generic\pgf\frontendlayer\tikz\libraries\tikzlibraryshapes.callouts.code.tex
(C:\Users\as\AppData\Roaming\MiKTeX\2.9\tex\generic\pgf\libraries\shapes\pgflibraryshapes.callouts.code.tex))
(C:\Users\as\AppData\Roaming\MiKTeX\2.9\tex\generic\pgf\frontendlayer\tikz\libraries\tikzlibraryshapes.multipart.code.te
x
File: tikzlibraryshapes.multipart.code.tex 2008/01/09 v3.0.0 (rcs-revision 1.1)
 (C:\Users\as\AppData\Roaming\MiKTeX\2.9\tex\generic\pgf\libraries\shapes\pgflibraryshapes.multipart.code.tex
File: pgflibraryshapes.multipart.code.tex 2010/01/07 v3.0.0 (rcs-revision 1.2)
\pgfnodepartlowerbox=\box53
\pgfnodeparttwobox=\box54
\pgfnodepartthreebox=\box55
\pgfnodepartfourbox=\box56
\pgfnodeparttwentybox=\box57
\pgfnodepartnineteenbox=\box58
\pgfnodeparteighteenbox=\box59
\pgfnodepartseventeenbox=\box60
\pgfnodepartsixteenbox=\box61
\pgfnodepartfifteenbox=\box62
\pgfnodepartfourteenbox=\box63
\pgfnodepartthirteenbox=\box64
\pgfnodeparttwelvebox=\box65
\pgfnodepartelevenbox=\box66
\pgfnodeparttenbox=\box67
\pgfnodepartninebox=\box68
\pgfnodeparteightbox=\box69
\pgfnodepartsevenbox=\box70
\pgfnodepartsixbox=\box71
\pgfnodepartfivebox=\box72
)))
(C:\Users\as\AppData\Roaming\MiKTeX\2.9\tex\generic\pgf\frontendlayer\tikz\libraries\tikzlibraryfit.code.tex
File: tikzlibraryfit.code.tex 2013/07/12 v3.0.0 (rcs-revision 1.5)
)
(C:\Users\as\AppData\Roaming\MiKTeX\2.9\tex\generic\pgf\frontendlayer\tikz\libraries\tikzlibrarydecorations.code.tex
(C:\Users\as\AppData\Roaming\MiKTeX\2.9\tex\generic\pgf\modules\pgfmoduledecorations.code.tex
\pgfdecoratedcompleteddistance=\dimen184
\pgfdecoratedremainingdistance=\dimen185
\pgfdecoratedinputsegmentcompleteddistance=\dimen186
\pgfdecoratedinputsegmentremainingdistance=\dimen187
\pgf@decorate@distancetomove=\dimen188
\pgf@decorate@repeatstate=\count143
\pgfdecorationsegmentamplitude=\dimen189
\pgfdecorationsegmentlength=\dimen190
)
\tikz@lib@dec@box=\box73
)
(C:\Users\as\AppData\Roaming\MiKTeX\2.9\tex\latex\setspace\setspace.sty
Package: setspace 2011/12/19 v6.7a set line spacing
)
\c@theorem=\count144

("D:\Annika\Uni\10. Semester\Masterarbeit\Proximal Bundle Inexact Information\Git Hub\Masterarbeit\LaTeX\Bundle_methods_
for_nonsmooth_nonconvex_problems_with_inexact_information.aux"
("D:\Annika\Uni\10. Semester\Masterarbeit\Proximal Bundle Inexact Information\Git Hub\Masterarbeit\LaTeX\First_Pages/Cov
erpage.aux")
("D:\Annika\Uni\10. Semester\Masterarbeit\Proximal Bundle Inexact Information\Git Hub\Masterarbeit\LaTeX\First_Pages/Dec
laration.aux")
("D:\Annika\Uni\10. Semester\Masterarbeit\Proximal Bundle Inexact Information\Git Hub\Masterarbeit\LaTeX\First_Pages/Ack
nowledgment.aux")
("D:\Annika\Uni\10. Semester\Masterarbeit\Proximal Bundle Inexact Information\Git Hub\Masterarbeit\LaTeX\First_Pages/Abs
tract.aux")
("D:\Annika\Uni\10. Semester\Masterarbeit\Proximal Bundle Inexact Information\Git Hub\Masterarbeit\LaTeX\First_Pages/Sum
mary.aux")
("D:\Annika\Uni\10. Semester\Masterarbeit\Proximal Bundle Inexact Information\Git Hub\Masterarbeit\LaTeX\First_Pages/Lis
t_of_Symbols.aux")
("D:\Annika\Uni\10. Semester\Masterarbeit\Proximal Bundle Inexact Information\Git Hub\Masterarbeit\LaTeX\Chapters/Introd
uction.aux")
("D:\Annika\Uni\10. Semester\Masterarbeit\Proximal Bundle Inexact Information\Git Hub\Masterarbeit\LaTeX\Chapters/Prelim
inaries.aux")
("D:\Annika\Uni\10. Semester\Masterarbeit\Proximal Bundle Inexact Information\Git Hub\Masterarbeit\LaTeX\Chapters/Bundle
_Methods.aux")
("D:\Annika\Uni\10. Semester\Masterarbeit\Proximal Bundle Inexact Information\Git Hub\Masterarbeit\LaTeX\Chapters/Simpli
fications.aux")
("D:\Annika\Uni\10. Semester\Masterarbeit\Proximal Bundle Inexact Information\Git Hub\Masterarbeit\LaTeX\Chapters/Bundle
_Method_nonconv_inex.aux")
("D:\Annika\Uni\10. Semester\Masterarbeit\Proximal Bundle Inexact Information\Git Hub\Masterarbeit\LaTeX\Chapters/Variab
le_Metric.aux")
("D:\Annika\Uni\10. Semester\Masterarbeit\Proximal Bundle Inexact Information\Git Hub\Masterarbeit\LaTeX\Chapters/Bileve
l_Application.aux")
("D:\Annika\Uni\10. Semester\Masterarbeit\Proximal Bundle Inexact Information\Git Hub\Masterarbeit\LaTeX\Chapters/Conclu
sion.aux")
("D:\Annika\Uni\10. Semester\Masterarbeit\Proximal Bundle Inexact Information\Git Hub\Masterarbeit\LaTeX\Chapters/Append
ix.aux"))
LaTeX Font Info:    Checking defaults for OML/cmm/m/it on input line 127.
LaTeX Font Info:    ... okay on input line 127.
LaTeX Font Info:    Checking defaults for T1/cmr/m/n on input line 127.
LaTeX Font Info:    ... okay on input line 127.
LaTeX Font Info:    Checking defaults for OT1/cmr/m/n on input line 127.
LaTeX Font Info:    ... okay on input line 127.
LaTeX Font Info:    Checking defaults for OMS/cmsy/m/n on input line 127.
LaTeX Font Info:    ... okay on input line 127.
LaTeX Font Info:    Checking defaults for OMX/cmex/m/n on input line 127.
LaTeX Font Info:    ... okay on input line 127.
LaTeX Font Info:    Checking defaults for U/cmr/m/n on input line 127.
LaTeX Font Info:    ... okay on input line 127.
LaTeX Font Info:    Try loading font information for T1+lmr on input line 127.
 ("C:\Program Files\Annika Programme\MiKTeX\tex\latex\lm\t1lmr.fd"
File: t1lmr.fd 2009/10/30 v1.6 Font defs for Latin Modern
)
Package caption Info: Begin \AtBeginDocument code.
Package caption Info: longtable package is loaded.

(C:\Users\as\AppData\Roaming\MiKTeX\2.9\tex\latex\caption\ltcaption.sty
Package: ltcaption 2013/06/09 v1.4-94 longtable captions (AR)
)
Package caption Info: End \AtBeginDocument code.


bibgerm.sty: babel.sty detected

ABD: EveryShipout initializing macros
("D:\Annika\Uni\10. Semester\Masterarbeit\Proximal Bundle Inexact Information\Git Hub\Masterarbeit\LaTeX\First_Pages/Cov
erpage.tex"
File: Pictures/TUMLogo_schwarz.eps Graphic file (type eps)
 <Pictures/TUMLogo_schwarz.eps>
Overfull \hbox (36.80093pt too wide) in paragraph at lines 3--3
[][] 
 []

LaTeX Font Info:    Try loading font information for OT1+lmr on input line 3.
("C:\Program Files\Annika Programme\MiKTeX\tex\latex\lm\ot1lmr.fd"
File: ot1lmr.fd 2009/10/30 v1.6 Font defs for Latin Modern
)
LaTeX Font Info:    Try loading font information for OML+lmm on input line 3.

("C:\Program Files\Annika Programme\MiKTeX\tex\latex\lm\omllmm.fd"
File: omllmm.fd 2009/10/30 v1.6 Font defs for Latin Modern
)
LaTeX Font Info:    Try loading font information for OMS+lmsy on input line 3.

("C:\Program Files\Annika Programme\MiKTeX\tex\latex\lm\omslmsy.fd"
File: omslmsy.fd 2009/10/30 v1.6 Font defs for Latin Modern
)
LaTeX Font Info:    Try loading font information for OMX+lmex on input line 3.

("C:\Program Files\Annika Programme\MiKTeX\tex\latex\lm\omxlmex.fd"
File: omxlmex.fd 2009/10/30 v1.6 Font defs for Latin Modern
)
LaTeX Font Info:    External font `lmex10' loaded for size
(Font)              <12> on input line 3.
LaTeX Font Info:    External font `lmex10' loaded for size
(Font)              <8> on input line 3.
LaTeX Font Info:    External font `lmex10' loaded for size
(Font)              <6> on input line 3.
LaTeX Font Info:    Try loading font information for U+msa on input line 3.

("C:\Program Files\Annika Programme\MiKTeX\tex\latex\amsfonts\umsa.fd"
File: umsa.fd 2013/01/14 v3.01 AMS symbols A
)
LaTeX Font Info:    Try loading font information for U+msb on input line 3.

("C:\Program Files\Annika Programme\MiKTeX\tex\latex\amsfonts\umsb.fd"
File: umsb.fd 2013/01/14 v3.01 AMS symbols B
)
File: Pictures/Mathe_schwarz.eps Graphic file (type eps)
 <Pictures/Mathe_schwarz.eps> [1


])
("D:\Annika\Uni\10. Semester\Masterarbeit\Proximal Bundle Inexact Information\Git Hub\Masterarbeit\LaTeX\First_Pages/Dec
laration.tex") [1


]
("D:\Annika\Uni\10. Semester\Masterarbeit\Proximal Bundle Inexact Information\Git Hub\Masterarbeit\LaTeX\First_Pages/Ack
nowledgment.tex"
LaTeX Font Info:    Try loading font information for T1+lmss on input line 1.
 ("C:\Program Files\Annika Programme\MiKTeX\tex\latex\lm\t1lmss.fd"
File: t1lmss.fd 2009/10/30 v1.6 Font defs for Latin Modern
)) [2


]
("D:\Annika\Uni\10. Semester\Masterarbeit\Proximal Bundle Inexact Information\Git Hub\Masterarbeit\LaTeX\First_Pages/Abs
tract.tex") [3


]
("D:\Annika\Uni\10. Semester\Masterarbeit\Proximal Bundle Inexact Information\Git Hub\Masterarbeit\LaTeX\First_Pages/Sum
mary.tex") [4


]
("D:\Annika\Uni\10. Semester\Masterarbeit\Proximal Bundle Inexact Information\Git Hub\Masterarbeit\LaTeX\Bundle_methods_
for_nonsmooth_nonconvex_problems_with_inexact_information.toc" [5

] [6])
\tf@toc=\write4
 [7]
("D:\Annika\Uni\10. Semester\Masterarbeit\Proximal Bundle Inexact Information\Git Hub\Masterarbeit\LaTeX\First_Pages/Lis
t_of_Symbols.tex"
LaTeX Font Info:    Try loading font information for OT1+lmtt on input line 29.
 ("C:\Program Files\Annika Programme\MiKTeX\tex\latex\lm\ot1lmtt.fd"
File: ot1lmtt.fd 2009/10/30 v1.6 Font defs for Latin Modern
) [8

]) [9]
("D:\Annika\Uni\10. Semester\Masterarbeit\Proximal Bundle Inexact Information\Git Hub\Masterarbeit\LaTeX\Bundle_methods_
for_nonsmooth_nonconvex_problems_with_inexact_information.lof")
\tf@lof=\write5
 [10

]
("D:\Annika\Uni\10. Semester\Masterarbeit\Proximal Bundle Inexact Information\Git Hub\Masterarbeit\LaTeX\Bundle_methods_
for_nonsmooth_nonconvex_problems_with_inexact_information.lot")
\tf@lot=\write6
 [11]
("D:\Annika\Uni\10. Semester\Masterarbeit\Proximal Bundle Inexact Information\Git Hub\Masterarbeit\LaTeX\Chapters/Introd
uction.tex" [1

]) [2]
("D:\Annika\Uni\10. Semester\Masterarbeit\Proximal Bundle Inexact Information\Git Hub\Masterarbeit\LaTeX\Chapters/Prelim
inaries.tex" [3


] [4]) [5]
("D:\Annika\Uni\10. Semester\Masterarbeit\Proximal Bundle Inexact Information\Git Hub\Masterarbeit\LaTeX\Chapters/Bundle
_Methods.tex" [6


]
("D:\Annika\Uni\10. Semester\Masterarbeit\Proximal Bundle Inexact Information\Git Hub\Masterarbeit\LaTeX\Pictures/TikZ/c
utting_plane.tex")
LaTeX Font Info:    External font `lmex10' loaded for size
(Font)              <10.95> on input line 64.
 [7] [8] [9] [10] [11] [12] [13] [14]) [15]
("D:\Annika\Uni\10. Semester\Masterarbeit\Proximal Bundle Inexact Information\Git Hub\Masterarbeit\LaTeX\Chapters/Simpli
fications.tex" [16


] [17] [18] [19]) [20]
("D:\Annika\Uni\10. Semester\Masterarbeit\Proximal Bundle Inexact Information\Git Hub\Masterarbeit\LaTeX\Chapters/Bundle
_Method_nonconv_inex.tex" [21


] [22] [23] [24] [25] [26] [27] [28] [29]
Overfull \hbox (10.06355pt too wide) in paragraph at lines 525--525
[] 
 []

[30]
Overfull \hbox (10.01024pt too wide) in paragraph at lines 543--543
[] 
 []

) [31]
("D:\Annika\Uni\10. Semester\Masterarbeit\Proximal Bundle Inexact Information\Git Hub\Masterarbeit\LaTeX\Chapters/Variab
le_Metric.tex" [32


] [33] [34] [35] [36] [37] [38] [39] [40] [41] [42] [43] [44] [45]
Overfull \hbox (4.51106pt too wide) in paragraph at lines 647--648
[]\T1/lmr/m/n/12 In the one di-men-sional case this means that we can de-note the \T1/lmr/m/it/12 right deriva-tive $\OM
L/lmm/m/it/12 f\OT1/lmr/m/n/12 (\OML/lmm/m/it/12 x[]; \OT1/lmr/m/n/12 1) :=
 []

[46] [47] [48] [49]
Overfull \hbox (4.89206pt too wide) in paragraph at lines 856--857
[]$[][]$\T1/lmr/m/n/12 : Van-ish-ing sub-gra-di-ent noise, $[] \OT1/lmr/m/n/12 = \OML/lmm/m/it/12 [] \OT1/lmr/m/n/12 = 
0$ \T1/lmr/m/n/12 and $[] \OT1/lmr/m/n/12 = 0\OML/lmm/m/it/12 :\OT1/lmr/m/n/12 01\OML/lmm/m/it/12 ; [] \OT1/lmr/m/n/12 
= []\OMS/lmsy/m/n/12 f\OT1/lmr/m/n/12 0\OML/lmm/m/it/12 :\OT1/lmr/m/n/12 01\OML/lmm/m/it/12 ; \OMS/lmsy/m/n/12 k\OML/lmm
/m/it/12 x[]\OMS/lmsy/m/n/12 k\OML/lmm/m/it/12 =\OT1/lmr/m/n/12 100\OMS/lmsy/m/n/12 g$
 []

[50]
File: Pictures/Plots/final_parab.eps Graphic file (type eps)
 <Pictures/Plots/final_parab.eps>
File: Pictures/Plots/final_parab_detail.eps Graphic file (type eps)
 <Pictures/Plots/final_parab_detail.eps>
File: Pictures/Plots/final_nonsm_parab.eps Graphic file (type eps)
 <Pictures/Plots/final_nonsm_parab.eps>
File: Pictures/Plots/final_nonsm_parab_detail.eps Graphic file (type eps)

<Pictures/Plots/final_nonsm_parab_detail.eps> [51]
File: Pictures/Plots/accuracy_bar_parab_u_1-2.eps Graphic file (type eps)
 <Pictures/Plots/accuracy_bar_parab_u_1-2.eps>
File: Pictures/Plots/steps_bar_parab_u_1-2.eps Graphic file (type eps)

<Pictures/Plots/steps_bar_parab_u_1-2.eps> [52]
File: Pictures/Plots/accuracy_bar_nonsm_parab_u_1-2.eps Graphic file (type eps)
 <Pictures/Plots/accuracy_bar_nonsm_parab_u_1-2.eps>
File: Pictures/Plots/steps_bar_nonsm_parab_u_1-2.eps Graphic file (type eps)

<Pictures/Plots/steps_bar_nonsm_parab_u_1-2.eps> [53] [54]
File: Pictures/Plots/testfun_f1.eps Graphic file (type eps)
 <Pictures/Plots/testfun_f1.eps>
File: Pictures/Plots/testfun_f2.eps Graphic file (type eps)

<Pictures/Plots/testfun_f2.eps>
File: Pictures/Plots/testfun_f3.eps Graphic file (type eps)
 <Pictures/Plots/testfun_f3.eps>
File: Pictures/Plots/testfun_f4.eps Graphic file (type eps)
 <Pictures/Plots/testfun_f4.eps>
File: Pictures/Plots/testfun_f5.eps Graphic file (type eps)

<Pictures/Plots/testfun_f5.eps>
Overfull \hbox (15.27388pt too wide) in paragraph at lines 1070--1072
\OMS/lmsy/m/n/12 f\OT1/lmr/m/n/12 20\OML/lmm/m/it/12 ; \OT1/lmr/m/n/12 25\OML/lmm/m/it/12 ; \OT1/lmr/m/n/12 30\OML/lmm/m
/it/12 ; \OT1/lmr/m/n/12 40\OML/lmm/m/it/12 ; \OT1/lmr/m/n/12 50\OMS/lmsy/m/n/12 g$\T1/lmr/m/n/12 . The start-ing value 
for each test prob-lem is $\OML/lmm/m/it/12 x[] \OT1/lmr/m/n/12 = \OML/lmm/m/it/12 left\OT1/lmr/m/n/12 (1\OML/lmm/m/it/1
2 ; []; []; :::; []right\OT1/lmr/m/n/12 )[]$\T1/lmr/m/n/12 . 
 []

[55]
File: Pictures/Plots/no_noise.eps Graphic file (type eps)
 <Pictures/Plots/no_noise.eps>
File: Pictures/Plots/steps_no_noise.eps Graphic file (type eps)
 <Pictures/Plots/steps_no_noise.eps>
File: Pictures/Plots/constant_noise.eps Graphic file (type eps)
 <Pictures/Plots/constant_noise.eps>
File: Pictures/Plots/steps_constant_noise.eps Graphic file (type eps)

<Pictures/Plots/steps_constant_noise.eps>
File: Pictures/Plots/vanishing_noise.eps Graphic file (type eps)
 <Pictures/Plots/vanishing_noise.eps>
File: Pictures/Plots/steps_vanishing_noise.eps Graphic file (type eps)

<Pictures/Plots/steps_vanishing_noise.eps> [56] [57]
File: Pictures/Plots/no_noise_comp.eps Graphic file (type eps)
 <Pictures/Plots/no_noise_comp.eps>
File: Pictures/Plots/steps_no_noise_comp.eps Graphic file (type eps)

<Pictures/Plots/steps_no_noise_comp.eps>
File: Pictures/Plots/constant_noise_comp.eps Graphic file (type eps)
 <Pictures/Plots/constant_noise_comp.eps>
File: Pictures/Plots/steps_constant_noise_comp.eps Graphic file (type eps)

<Pictures/Plots/steps_constant_noise_comp.eps> [58]) [59]
("D:\Annika\Uni\10. Semester\Masterarbeit\Proximal Bundle Inexact Information\Git Hub\Masterarbeit\LaTeX\Chapters/Bileve
l_Application.tex" [60


] [61] [62] [63]
("D:\Annika\Uni\10. Semester\Masterarbeit\Proximal Bundle Inexact Information\Git Hub\Masterarbeit\LaTeX\Pictures/TikZ/h
yperplane.tex") [64] [65] [66] [67] [68] [69] [70] [71] [72] [73] [74] [75] [76]
LaTeX Font Info:    Try loading font information for T1+lmtt on input line 700.

("C:\Program Files\Annika Programme\MiKTeX\tex\latex\lm\t1lmtt.fd"
File: t1lmtt.fd 2009/10/30 v1.6 Font defs for Latin Modern
) [77] [78] [79]
File: Pictures/Plots/plot_all_data_all_w.eps Graphic file (type eps)

<Pictures/Plots/plot_all_data_all_w.eps>
File: Pictures/Plots/Fold_1.eps Graphic file (type eps)
 <Pictures/Plots/Fold_1.eps>
File: Pictures/Plots/Fold_2.eps Graphic file (type eps)
 <Pictures/Plots/Fold_2.eps>
File: Pictures/Plots/Fold_3.eps Graphic file (type eps)

<Pictures/Plots/Fold_3.eps>
Underfull \hbox (badness 1803) in paragraph at lines 792--804
[][] []
 []


Overfull \hbox (5.41344pt too wide) in paragraph at lines 821--823
[]\OT1/lmr/m/n/12 (\OML/lmm/m/it/12 w[]\OT1/lmr/m/n/12 ) = 155\OML/lmm/m/it/12 :\OT1/lmr/m/n/12 9928$\T1/lmr/m/n/12 , $[
]\OT1/lmr/m/n/12 (\OML/lmm/m/it/12 w[]\OT1/lmr/m/n/12 ) = 22\OML/lmm/m/it/12 :\OT1/lmr/m/n/12 3560$ \T1/lmr/m/n/12 and $
[]\OT1/lmr/m/n/12 (\OML/lmm/m/it/12 w[]\OT1/lmr/m/n/12 ) = 37\OML/lmm/m/it/12 :\OT1/lmr/m/n/12 8554$ \T1/lmr/m/n/12 for 
$\OML/lmm/m/it/12 W \OT1/lmr/m/n/12 = (\OML/lmm/m/it/12 w[]; w[]; w[]\OT1/lmr/m/n/12 )$\T1/lmr/m/n/12 .
 []

[80] [81] [82] [83]
File: Pictures/Plots/CanIonBox_fin.eps Graphic file (type eps)
 <Pictures/Plots/CanIonBox_fin.eps>
File: Pictures/Plots/SysSyb_fin.eps Graphic file (type eps)
 <Pictures/Plots/SysSyb_fin.eps> [84]
File: Pictures/Plots/Scal1_ll-15C.eps Graphic file (type eps)

<Pictures/Plots/Scal1_ll-15C.eps>
File: Pictures/Plots/Scal100_ll-15C.eps Graphic file (type eps)
 <Pictures/Plots/Scal100_ll-15C.eps>
File: Pictures/Plots/Scal1_ll-15f.eps Graphic file (type eps)
 <Pictures/Plots/Scal1_ll-15f.eps>
File: Pictures/Plots/Scal100_ll-15f.eps Graphic file (type eps)

<Pictures/Plots/Scal100_ll-15f.eps> [85] [86] [87]
File: Pictures/Plots/Scal100_llad-8C.eps Graphic file (type eps)
 <Pictures/Plots/Scal100_llad-8C.eps>
File: Pictures/Plots/Scal100_llad-4C.eps Graphic file (type eps)

<Pictures/Plots/Scal100_llad-4C.eps>
File: Pictures/Plots/Scal100_llad-8f.eps Graphic file (type eps)
 <Pictures/Plots/Scal100_llad-8f.eps>
File: Pictures/Plots/Scal100_llad-4f.eps Graphic file (type eps)
 <Pictures/Plots/Scal100_llad-4f.eps> [88]
[89] [90] [91]) [92] [93]
("D:\Annika\Uni\10. Semester\Masterarbeit\Proximal Bundle Inexact Information\Git Hub\Masterarbeit\LaTeX\Chapters/Conclu
sion.tex") [94


]
("D:\Annika\Uni\10. Semester\Masterarbeit\Proximal Bundle Inexact Information\Git Hub\Masterarbeit\LaTeX\Chapters/Append
ix.tex" [95


] [96]
File: Pictures/Plots/constant_gradient_noise.eps Graphic file (type eps)
 <Pictures/Plots/constant_gradient_noise.eps>
File: Pictures/Plots/steps_constant_gradient_noise.eps Graphic file (type eps)
 <Pictures/Plots/steps_constant_gradient_noise.eps>
File: Pictures/Plots/vanishing_gradient_noise.eps Graphic file (type eps)

<Pictures/Plots/vanishing_gradient_noise.eps>
File: Pictures/Plots/steps_vanishing_gradient_noise.eps Graphic file (type eps)
 <Pictures/Plots/steps_vanishing_gradient_noise.eps> [97]
File: Pictures/Plots/no_noise_b.eps Graphic file (type eps)

<Pictures/Plots/no_noise_b.eps>
File: Pictures/Plots/steps_no_noise_b.eps Graphic file (type eps)
 <Pictures/Plots/steps_no_noise_b.eps>
File: Pictures/Plots/constant_noise_b.eps Graphic file (type eps)
 <Pictures/Plots/constant_noise_b.eps>
File: Pictures/Plots/steps_constant_noise_b.eps Graphic file (type eps)

<Pictures/Plots/steps_constant_noise_b.eps> [98]
File: Pictures/Plots/vanishing_noise_b.eps Graphic file (type eps)
 <Pictures/Plots/vanishing_noise_b.eps>
File: Pictures/Plots/steps_vanishing_noise_b.eps Graphic file (type eps)

<Pictures/Plots/steps_vanishing_noise_b.eps>
File: Pictures/Plots/constant_gradient_noise_b.eps Graphic file (type eps)
 <Pictures/Plots/constant_gradient_noise_b.eps>
File: Pictures/Plots/steps_constant_gradient_noise_b.eps Graphic file (type eps)

<Pictures/Plots/steps_constant_gradient_noise_b.eps>
File: Pictures/Plots/vanishing_gradient_noise_b.eps Graphic file (type eps)
 <Pictures/Plots/vanishing_gradient_noise_b.eps>
File: Pictures/Plots/steps_vanishing_gradient_noise_b.eps Graphic file (type eps)

<Pictures/Plots/steps_vanishing_gradient_noise_b.eps> [99]) [100]
("D:\Annika\Uni\10. Semester\Masterarbeit\Proximal Bundle Inexact Information\Git Hub\Masterarbeit\LaTeX\Bundle_methods_
for_nonsmooth_nonconvex_problems_with_inexact_information.bbl" [101

] [102] [103]) [104]
("D:\Annika\Uni\10. Semester\Masterarbeit\Proximal Bundle Inexact Information\Git Hub\Masterarbeit\LaTeX\Bundle_methods_
for_nonsmooth_nonconvex_problems_with_inexact_information.aux"
("D:\Annika\Uni\10. Semester\Masterarbeit\Proximal Bundle Inexact Information\Git Hub\Masterarbeit\LaTeX\First_Pages/Cov
erpage.aux")
("D:\Annika\Uni\10. Semester\Masterarbeit\Proximal Bundle Inexact Information\Git Hub\Masterarbeit\LaTeX\First_Pages/Dec
laration.aux")
("D:\Annika\Uni\10. Semester\Masterarbeit\Proximal Bundle Inexact Information\Git Hub\Masterarbeit\LaTeX\First_Pages/Ack
nowledgment.aux")
("D:\Annika\Uni\10. Semester\Masterarbeit\Proximal Bundle Inexact Information\Git Hub\Masterarbeit\LaTeX\First_Pages/Abs
tract.aux")
("D:\Annika\Uni\10. Semester\Masterarbeit\Proximal Bundle Inexact Information\Git Hub\Masterarbeit\LaTeX\First_Pages/Sum
mary.aux")
("D:\Annika\Uni\10. Semester\Masterarbeit\Proximal Bundle Inexact Information\Git Hub\Masterarbeit\LaTeX\First_Pages/Lis
t_of_Symbols.aux")
("D:\Annika\Uni\10. Semester\Masterarbeit\Proximal Bundle Inexact Information\Git Hub\Masterarbeit\LaTeX\Chapters/Introd
uction.aux")
("D:\Annika\Uni\10. Semester\Masterarbeit\Proximal Bundle Inexact Information\Git Hub\Masterarbeit\LaTeX\Chapters/Prelim
inaries.aux")
("D:\Annika\Uni\10. Semester\Masterarbeit\Proximal Bundle Inexact Information\Git Hub\Masterarbeit\LaTeX\Chapters/Bundle
_Methods.aux")
("D:\Annika\Uni\10. Semester\Masterarbeit\Proximal Bundle Inexact Information\Git Hub\Masterarbeit\LaTeX\Chapters/Simpli
fications.aux")
("D:\Annika\Uni\10. Semester\Masterarbeit\Proximal Bundle Inexact Information\Git Hub\Masterarbeit\LaTeX\Chapters/Bundle
_Method_nonconv_inex.aux")
("D:\Annika\Uni\10. Semester\Masterarbeit\Proximal Bundle Inexact Information\Git Hub\Masterarbeit\LaTeX\Chapters/Variab
le_Metric.aux")
("D:\Annika\Uni\10. Semester\Masterarbeit\Proximal Bundle Inexact Information\Git Hub\Masterarbeit\LaTeX\Chapters/Bileve
l_Application.aux")
("D:\Annika\Uni\10. Semester\Masterarbeit\Proximal Bundle Inexact Information\Git Hub\Masterarbeit\LaTeX\Chapters/Conclu
sion.aux")
("D:\Annika\Uni\10. Semester\Masterarbeit\Proximal Bundle Inexact Information\Git Hub\Masterarbeit\LaTeX\Chapters/Append
ix.aux")) )
(\end occurred inside a group at level 1)

### simple group (level 1) entered at line 1061 ({)
### bottom level 
Here is how much of TeX's memory you used:
 20819 strings out of 493922
 437897 string characters out of 3142101
 557422 words of memory out of 3000000
 23512 multiletter control sequences out of 15000+200000
 98837 words of font info for 76 fonts, out of 3000000 for 9000
 841 hyphenation exceptions out of 8191
 64i,23n,67p,828b,12267s stack positions out of 5000i,500n,10000p,200000b,50000s

Output written on Bundle_methods_for_nonsmooth_nonconvex_problems_with_inexact_information.dvi (116 pages, 419652 bytes)
.
